<?xml version="1.0" encoding="UTF-8"?>
<!-- Generated by org.testng.reporters.JUnitXMLReporter -->
<testsuite hostname="abc" name="Test" tests="4" failures="0" timestamp="11 Jan 2019 10:23:45 GMT" time="30.507" errors="0">
  <testcase name="verify_lunch" time="10.638" classname="com.pagelibrary.com.ranfordbank.TestExecution"/>
  <testcase name="varify_login" time="2.836" classname="com.pagelibrary.com.ranfordbank.TestExecution"/>
  <testcase name="varify_branches" time="2.391" classname="com.pagelibrary.com.ranfordbank.TestExecution"/>
  <testcase name="varify_table_handle" time="14.61" classname="com.pagelibrary.com.ranfordbank.TestExecution"/>
</testsuite> <!-- Test -->
